<?xml version="1.0" encoding="UTF-8"?>
<!-- Generated by org.testng.reporters.JUnitXMLReporter -->
<testsuite ignored="0" hostname="Kiran-PC" failures="1" tests="5" name="Test" time="167.717" errors="0" timestamp="2023-04-17T16:05:00 IST">
  <testcase classname="organization.CreateOrganizationTest" name="createOrganization" time="23.855">
    <skipped/>
  </testcase> <!-- createOrganization -->
  <testcase classname="organization.CreateOrganizationTest" name="createOrganization" time="5.301">
    <skipped/>
  </testcase> <!-- createOrganization -->
  <testcase classname="organization.CreateOrganizationTest" name="createOrganization" time="6.889">
    <skipped/>
  </testcase> <!-- createOrganization -->
  <testcase classname="organization.CreateOrganizationTest" name="createOrganization" time="6.732">
    <skipped/>
  </testcase> <!-- createOrganization -->
  <testcase classname="organization.CreateOrganizationTest" name="createOrganization" time="8.018">
    <failure type="java.lang.AssertionError" message="expected [true] but found [false]">
      <![CDATA[java.lang.AssertionError: expected [true] but found [false]
at organization.CreateOrganizationTest.createOrganization(CreateOrganizationTest.java:47)
at java.base/java.util.ArrayList.forEach(ArrayList.java:1511)
... Removed 31 stack frames]]>
    </failure>
  </testcase> <!-- createOrganization -->
</testsuite> <!-- Test -->
